[2024-06-11T21:51:25.208+0000] {local_task_job_runner.py:120} INFO - ::group::Pre task execution logs
[2024-06-11T21:51:25.220+0000] {taskinstance.py:2076} INFO - Dependencies all met for dep_context=non-requeueable deps ti=<TaskInstance: invoice2receipt.g manual__2024-06-11T21:51:23.012426+00:00 [queued]>
[2024-06-11T21:51:25.225+0000] {taskinstance.py:2076} INFO - Dependencies all met for dep_context=requeueable deps ti=<TaskInstance: invoice2receipt.g manual__2024-06-11T21:51:23.012426+00:00 [queued]>
[2024-06-11T21:51:25.226+0000] {taskinstance.py:2306} INFO - Starting attempt 1 of 1
[2024-06-11T21:51:25.235+0000] {taskinstance.py:2330} INFO - Executing <Task(_PythonDecoratedOperator): g> on 2024-06-11 21:51:23.012426+00:00
[2024-06-11T21:51:25.240+0000] {warnings.py:112} WARNING - /home/***/.local/lib/python3.12/site-packages/***/task/task_runner/standard_task_runner.py:61: DeprecationWarning: This process (pid=921) is multi-threaded, use of fork() may lead to deadlocks in the child.
  pid = os.fork()

[2024-06-11T21:51:25.241+0000] {standard_task_runner.py:63} INFO - Started process 922 to run task
[2024-06-11T21:51:25.241+0000] {standard_task_runner.py:90} INFO - Running: ['***', 'tasks', 'run', 'invoice2receipt', 'g', 'manual__2024-06-11T21:51:23.012426+00:00', '--job-id', '227', '--raw', '--subdir', 'DAGS_FOLDER/invoice2receipt.py', '--cfg-path', '/tmp/tmpdx410zmb']
[2024-06-11T21:51:25.242+0000] {standard_task_runner.py:91} INFO - Job 227: Subtask g
[2024-06-11T21:51:25.274+0000] {task_command.py:426} INFO - Running <TaskInstance: invoice2receipt.g manual__2024-06-11T21:51:23.012426+00:00 [running]> on host 678b3b027d57
[2024-06-11T21:51:25.331+0000] {taskinstance.py:2648} INFO - Exporting env vars: AIRFLOW_CTX_DAG_OWNER='Anudeep' AIRFLOW_CTX_DAG_ID='invoice2receipt' AIRFLOW_CTX_TASK_ID='g' AIRFLOW_CTX_EXECUTION_DATE='2024-06-11T21:51:23.012426+00:00' AIRFLOW_CTX_TRY_NUMBER='1' AIRFLOW_CTX_DAG_RUN_ID='manual__2024-06-11T21:51:23.012426+00:00'
[2024-06-11T21:51:25.332+0000] {taskinstance.py:430} INFO - ::endgroup::
[2024-06-11T21:51:25.333+0000] {python.py:237} INFO - Done. Returned value was: <Task(S3FileTransformOperator): move_files>
[2024-06-11T21:51:25.334+0000] {taskinstance.py:441} INFO - ::group::Post task execution logs
[2024-06-11T21:51:25.339+0000] {xcom.py:675} ERROR - Object of type S3FileTransformOperator is not JSON serializable. If you are using pickle instead of JSON for XCom, then you need to enable pickle support for XCom in your *** config or make sure to decorate your object with attr.
[2024-06-11T21:51:25.340+0000] {taskinstance.py:2905} ERROR - Task failed with exception
Traceback (most recent call last):
  File "/home/airflow/.local/lib/python3.12/site-packages/airflow/utils/json.py", line 91, in default
    return serialize(o)
           ^^^^^^^^^^^^
  File "/home/airflow/.local/lib/python3.12/site-packages/airflow/serialization/serde.py", line 189, in serialize
    raise TypeError(f"cannot serialize object of type {cls}")
TypeError: cannot serialize object of type <class '***.providers.amazon.aws.operators.s3.S3FileTransformOperator'>

During handling of the above exception, another exception occurred:

Traceback (most recent call last):
  File "/home/airflow/.local/lib/python3.12/site-packages/airflow/models/taskinstance.py", line 486, in _execute_task
    task_instance.xcom_push(key=XCOM_RETURN_KEY, value=xcom_value, session=session)
  File "/home/airflow/.local/lib/python3.12/site-packages/airflow/utils/session.py", line 76, in wrapper
    return func(*args, **kwargs)
           ^^^^^^^^^^^^^^^^^^^^^
  File "/home/airflow/.local/lib/python3.12/site-packages/airflow/models/taskinstance.py", line 3197, in xcom_push
    XCom.set(
  File "/home/airflow/.local/lib/python3.12/site-packages/airflow/utils/session.py", line 76, in wrapper
    return func(*args, **kwargs)
           ^^^^^^^^^^^^^^^^^^^^^
  File "/home/airflow/.local/lib/python3.12/site-packages/airflow/models/xcom.py", line 246, in set
    value = cls.serialize_value(
            ^^^^^^^^^^^^^^^^^^^^
  File "/home/airflow/.local/lib/python3.12/site-packages/airflow/models/xcom.py", line 673, in serialize_value
    return json.dumps(value, cls=XComEncoder).encode("UTF-8")
           ^^^^^^^^^^^^^^^^^^^^^^^^^^^^^^^^^^
  File "/usr/local/lib/python3.12/json/__init__.py", line 238, in dumps
    **kw).encode(obj)
          ^^^^^^^^^^^
  File "/home/airflow/.local/lib/python3.12/site-packages/airflow/utils/json.py", line 104, in encode
    return super().encode(o)
           ^^^^^^^^^^^^^^^^^
  File "/usr/local/lib/python3.12/json/encoder.py", line 200, in encode
    chunks = self.iterencode(o, _one_shot=True)
             ^^^^^^^^^^^^^^^^^^^^^^^^^^^^^^^^^^
  File "/usr/local/lib/python3.12/json/encoder.py", line 258, in iterencode
    return _iterencode(o, 0)
           ^^^^^^^^^^^^^^^^^
  File "/home/airflow/.local/lib/python3.12/site-packages/airflow/utils/json.py", line 93, in default
    return super().default(o)
           ^^^^^^^^^^^^^^^^^^
  File "/usr/local/lib/python3.12/json/encoder.py", line 180, in default
    raise TypeError(f'Object of type {o.__class__.__name__} '
TypeError: Object of type S3FileTransformOperator is not JSON serializable
[2024-06-11T21:51:25.348+0000] {taskinstance.py:1206} INFO - Marking task as FAILED. dag_id=invoice2receipt, task_id=g, run_id=manual__2024-06-11T21:51:23.012426+00:00, execution_date=20240611T215123, start_date=20240611T215125, end_date=20240611T215125
[2024-06-11T21:51:25.359+0000] {standard_task_runner.py:110} ERROR - Failed to execute job 227 for task g (Object of type S3FileTransformOperator is not JSON serializable; 922)
[2024-06-11T21:51:25.375+0000] {local_task_job_runner.py:240} INFO - Task exited with return code 1
[2024-06-11T21:51:25.387+0000] {taskinstance.py:3503} INFO - 0 downstream tasks scheduled from follow-on schedule check
[2024-06-11T21:51:25.391+0000] {local_task_job_runner.py:222} INFO - ::endgroup::
